Traceback (most recent call last):
  File "chat_ws_server.py", line 658, in <module>
    server.run()
  File "chat_ws_server.py", line 594, in run
    self._restart()
  File "chat_ws_server.py", line 571, in _restart
    time.sleep(time_interval)
KeyboardInterrupt
Traceback (most recent call last):
  File "chat_ws_server.py", line 659, in <module>
    send_error_email("ChatWebsocket", "Not running anymore", "")
  File "/home/cloud-user/plateform/agora/backend/chat_server/homemade/src/email_notifier.py", line 29, in send_error_email
    session.login(sender_address, sender_pass) #login with mail_id and password
  File "/usr/lib/python3.6/smtplib.py", line 730, in login
    raise last_exception
  File "/usr/lib/python3.6/smtplib.py", line 721, in login
    initial_response_ok=initial_response_ok)
  File "/usr/lib/python3.6/smtplib.py", line 642, in auth
    raise SMTPAuthenticationError(code, resp)
smtplib.SMTPAuthenticationError: (534, b'5.7.9 Please log in with your web browser and then try again. Learn more at\n5.7.9  https://support.google.com/mail/?p=WebLoginRequired p8sm844638wre.11 - gsmtp')
